Build started 15-05-2013 09:10:52.
     1>Project "C:\Users\Newuser\Documents\Visual Studio 2010\Projects\mynewopencv\mynewopencv\mynewopencv.vcxproj" on node 2 (build target(s)).
     1>InitializeBuildStatus:
         Creating "Debug\mynewopencv.unsuccessfulbuild" because "AlwaysCreate" was specified.
       ClCompile:
         C:\Program Files (x86)\Microsoft Visual Studio 10.0\VC\bin\CL.exe /c /IF:\opencv243\build\include /ZI /nologo /W3 /WX- /Od /Oy- /D WIN32 /D _DEBUG /D _CONSOLE /D _UNICODE /D UNICODE /Gm /EHsc /RTC1 /MDd /GS /fp:precise /Zc:wchar_t /Zc:forScope /Fo"Debug\\" /Fd"Debug\vc100.pdb" /Gd /TP /analyze- /errorReport:prompt main.cpp
         main.cpp
     1>f:\opencv243\build\include\opencv2\flann\logger.h(66): warning C4996: 'fopen': This function or variable may be unsafe. Consider using fopen_s instead. To disable deprecation, use _CRT_SECURE_NO_WARNINGS. See online help for details.
                 c:\program files (x86)\microsoft visual studio 10.0\vc\include\stdio.h(234) : see declaration of 'fopen'
     1>c:\users\newuser\documents\visual studio 2010\projects\mynewopencv\mynewopencv\main.cpp(125): warning C4244: 'initializing' : conversion from 'int' to 'float', possible loss of data
     1>c:\users\newuser\documents\visual studio 2010\projects\mynewopencv\mynewopencv\main.cpp(137): warning C4244: '=' : conversion from 'double' to 'float', possible loss of data
     1>c:\users\newuser\documents\visual studio 2010\projects\mynewopencv\mynewopencv\main.cpp(27): warning C4101: 'foreground_skipped' : unreferenced local variable
     1>c:\users\newuser\documents\visual studio 2010\projects\mynewopencv\mynewopencv\main.cpp(31): warning C4101: 'audio' : unreferenced local variable
       Link:
         C:\Program Files (x86)\Microsoft Visual Studio 10.0\VC\bin\link.exe /ERRORREPORT:PROMPT /OUT:"C:\Users\Newuser\Documents\Visual Studio 2010\Projects\mynewopencv\Debug\mynewopencv.exe" /INCREMENTAL /NOLOGO /LIBPATH:F:\opencv243\build\x86\vc10\lib winmm.lib opencv_core243d.lib opencv_imgproc243d.lib opencv_highgui243d.lib opencv_ml243d.lib opencv_video243d.lib opencv_features2d243d.lib opencv_calib3d243d.lib opencv_objdetect243d.lib opencv_contrib243d.lib opencv_legacy243d.lib opencv_flann243d.lib kernel32.lib user32.lib gdi32.lib winspool.lib comdlg32.lib advapi32.lib shell32.lib ole32.lib oleaut32.lib uuid.lib odbc32.lib odbccp32.lib /MANIFEST /ManifestFile:"Debug\mynewopencv.exe.intermediate.manifest" /MANIFESTUAC:"level='asInvoker' uiAccess='false'" /DEBUG /PDB:"C:\Users\Newuser\Documents\Visual Studio 2010\Projects\mynewopencv\Debug\mynewopencv.pdb" /SUBSYSTEM:CONSOLE /TLBID:1 /DYNAMICBASE /NXCOMPAT /IMPLIB:"C:\Users\Newuser\Documents\Visual Studio 2010\Projects\mynewopencv\Debug\mynewopencv.lib" /MACHINE:X86 Debug\main.obj
         Debug\main2.obj
         mynewopencv.vcxproj -> C:\Users\Newuser\Documents\Visual Studio 2010\Projects\mynewopencv\Debug\mynewopencv.exe
       Manifest:
         C:\Program Files (x86)\Microsoft SDKs\Windows\v7.0A\bin\mt.exe /nologo /verbose /out:"C:\Users\Newuser\Documents\Visual Studio 2010\Projects\mynewopencv\Debug\mynewopencv.exe.manifest" /manifest Debug\mynewopencv.exe.intermediate.manifest
       FinalizeBuildStatus:
         Deleting file "Debug\mynewopencv.unsuccessfulbuild".
         Touching "Debug\mynewopencv.lastbuildstate".
     1>Done Building Project "C:\Users\Newuser\Documents\Visual Studio 2010\Projects\mynewopencv\mynewopencv\mynewopencv.vcxproj" (build target(s)).

Build succeeded.

Time Elapsed 00:00:03.24
